TN:
SF:src/prisma.ts
FNF:0
FNH:0
DA:1,1
DA:2,1
DA:3,1
DA:4,1
DA:5,1
LF:5
LH:5
BRF:0
BRH:0
end_of_record
TN:
SF:src/routes.ts
FNF:0
FNH:0
DA:1,1
DA:2,1
DA:3,1
DA:4,1
DA:5,1
DA:6,1
DA:7,1
DA:8,1
DA:9,1
DA:10,1
DA:11,1
DA:12,1
DA:13,1
DA:14,1
DA:15,1
LF:15
LH:15
BRF:0
BRH:0
end_of_record
TN:
SF:src/server.ts
FNF:0
FNH:0
DA:1,1
DA:2,1
DA:3,1
DA:4,1
DA:5,1
DA:6,1
DA:7,1
DA:8,1
DA:9,1
DA:10,1
LF:10
LH:10
BRF:0
BRH:0
end_of_record
TN:
SF:src/controllers/orderController.ts
FN:5,createOrder
FN:19,listAllOrders
FN:31,listOrderById
FNF:3
FNH:3
FNDA:1,createOrder
FNDA:1,listAllOrders
FNDA:1,listOrderById
DA:1,1
DA:2,1
DA:3,1
DA:4,1
DA:5,1
DA:6,1
DA:7,1
DA:8,1
DA:9,1
DA:10,1
DA:11,1
DA:12,1
DA:13,0
DA:14,0
DA:15,0
DA:16,0
DA:17,1
DA:18,1
DA:19,1
DA:20,1
DA:21,1
DA:22,1
DA:23,1
DA:24,1
DA:25,0
DA:26,0
DA:27,0
DA:28,0
DA:29,1
DA:30,1
DA:31,1
DA:32,1
DA:33,1
DA:34,1
DA:35,1
DA:36,1
DA:37,1
DA:38,1
DA:39,0
DA:40,0
DA:41,0
DA:42,0
DA:43,1
DA:44,1
LF:44
LH:32
BRDA:5,0,0,1
BRDA:5,1,0,1
BRDA:12,2,0,0
BRDA:19,3,0,1
BRDA:19,4,0,1
BRDA:24,5,0,0
BRDA:31,6,0,1
BRDA:31,7,0,1
BRDA:38,8,0,0
BRF:9
BRH:6
end_of_record
TN:
SF:src/controllers/pizzaController.ts
FN:5,listAll
FNF:1
FNH:1
FNDA:1,listAll
DA:1,1
DA:2,1
DA:3,1
DA:4,1
DA:5,1
DA:6,1
DA:7,1
DA:8,1
DA:9,1
DA:10,1
DA:11,0
DA:12,0
DA:13,0
DA:14,0
DA:15,1
DA:16,1
LF:16
LH:12
BRDA:5,0,0,1
BRDA:5,1,0,1
BRDA:10,2,0,0
BRF:3
BRH:2
end_of_record
TN:
SF:src/services/orderService.ts
FN:4,createOrder
FN:19,listOrders
FN:25,listOrderById
FNF:3
FNH:3
FNDA:1,createOrder
FNDA:1,listOrders
FNDA:1,listOrderById
DA:1,1
DA:2,1
DA:3,1
DA:4,1
DA:5,1
DA:6,1
DA:7,1
DA:8,1
DA:9,1
DA:10,1
DA:11,1
DA:12,1
DA:13,1
DA:14,1
DA:15,1
DA:16,1
DA:17,1
DA:18,1
DA:19,1
DA:20,1
DA:21,1
DA:22,1
DA:23,1
DA:24,1
DA:25,1
DA:26,1
DA:27,1
DA:28,1
DA:29,1
DA:30,1
DA:31,1
DA:32,1
DA:33,1
DA:34,1
LF:34
LH:34
BRDA:4,0,0,1
BRDA:4,1,0,1
BRDA:19,2,0,1
BRDA:19,3,0,1
BRDA:25,4,0,1
BRDA:25,5,0,1
BRF:6
BRH:6
end_of_record
TN:
SF:src/services/pizzaService.ts
FN:4,listAllPizzas
FNF:1
FNH:1
FNDA:1,listAllPizzas
DA:1,1
DA:2,1
DA:3,1
DA:4,1
DA:5,1
DA:6,1
DA:7,1
DA:8,1
DA:9,1
LF:9
LH:9
BRDA:4,0,0,1
BRDA:4,1,0,1
BRF:2
BRH:2
end_of_record
